<?xml version="1.0" encoding="UTF-8"?>
<testsuite name="com.xworkz.dream.XworkzApiApplicationTests" tests="1" skipped="0" failures="0" errors="0" timestamp="2023-10-31T13:59:29" hostname="DESKTOP-E3TF7AL" time="1.348">
  <properties/>
  <testcase name="contextLoads()" classname="com.xworkz.dream.XworkzApiApplicationTests" time="1.348"/>
  <system-out><![CDATA[19:28:43.054 [Test worker] DEBUG org.springframework.test.context.BootstrapUtils - Instantiating CacheAwareContextLoaderDelegate from class [org.springframework.test.context.cache.DefaultCacheAwareContextLoaderDelegate]
19:28:43.274 [Test worker] DEBUG org.springframework.test.context.BootstrapUtils - Instantiating BootstrapContext using constructor [public org.springframework.test.context.support.DefaultBootstrapContext(java.lang.Class,org.springframework.test.context.CacheAwareContextLoaderDelegate)]
19:28:43.822 [Test worker] DEBUG org.springframework.test.context.BootstrapUtils - Instantiating TestContextBootstrapper for test class [com.xworkz.dream.XworkzApiApplicationTests] from class [org.springframework.boot.test.context.SpringBootTestContextBootstrapper]
19:28:43.907 [Test worker] INFO org.springframework.boot.test.context.SpringBootTestContextBootstrapper - Neither @ContextConfiguration nor @ContextHierarchy found for test class [com.xworkz.dream.XworkzApiApplicationTests], using SpringBootContextLoader
19:28:43.991 [Test worker] DEBUG org.springframework.test.context.support.AbstractContextLoader - Did not detect default resource location for test class [com.xworkz.dream.XworkzApiApplicationTests]: class path resource [com/xworkz/dream/XworkzApiApplicationTests-context.xml] does not exist
19:28:44.013 [Test worker] DEBUG org.springframework.test.context.support.AbstractContextLoader - Did not detect default resource location for test class [com.xworkz.dream.XworkzApiApplicationTests]: class path resource [com/xworkz/dream/XworkzApiApplicationTestsContext.groovy] does not exist
19:28:44.014 [Test worker] INFO org.springframework.test.context.support.AbstractContextLoader - Could not detect default resource locations for test class [com.xworkz.dream.XworkzApiApplicationTests]: no resource found for suffixes {-context.xml, Context.groovy}.
19:28:44.071 [Test worker] INFO org.springframework.test.context.support.AnnotationConfigContextLoaderUtils - Could not detect default configuration classes for test class [com.xworkz.dream.XworkzApiApplicationTests]: XworkzApiApplicationTests does not declare any static, non-private, non-final, nested classes annotated with @Configuration.
19:28:44.410 [Test worker] DEBUG org.springframework.test.context.support.ActiveProfilesUtils - Could not find an 'annotation declaring class' for annotation type [org.springframework.test.context.ActiveProfiles] and class [com.xworkz.dream.XworkzApiApplicationTests]
19:28:44.842 [Test worker] DEBUG org.springframework.context.annotation.ClassPathScanningCandidateComponentProvider - Identified candidate component class: file [C:\Users\Dell\Desktop\DREAM\Xworkz-Api\build\classes\java\main\com\xworkz\dream\XworkzApiApplication.class]
19:28:44.860 [Test worker] INFO org.springframework.boot.test.context.SpringBootTestContextBootstrapper - Found @SpringBootConfiguration com.xworkz.dream.XworkzApiApplication for test class com.xworkz.dream.XworkzApiApplicationTests
19:28:46.014 [Test worker] DEBUG org.springframework.boot.test.context.SpringBootTestContextBootstrapper - @TestExecutionListeners is not present for class [com.xworkz.dream.XworkzApiApplicationTests]: using defaults.
19:28:46.019 [Test worker] INFO org.springframework.boot.test.context.SpringBootTestContextBootstrapper - Loaded default TestExecutionListener class names from location [META-INF/spring.factories]: [org.springframework.boot.test.autoconfigure.restdocs.RestDocsTestExecutionListener, org.springframework.boot.test.autoconfigure.web.client.MockRestServiceServerResetTestExecutionListener, org.springframework.boot.test.autoconfigure.web.servlet.MockMvcPrintOnlyOnFailureTestExecutionListener, org.springframework.boot.test.autoconfigure.web.servlet.WebDriverTestExecutionListener, org.springframework.boot.test.autoconfigure.webservices.client.MockWebServiceServerTestExecutionListener, org.springframework.boot.test.mock.mockito.MockitoTestExecutionListener, org.springframework.boot.test.mock.mockito.ResetMocksTestExecutionListener, org.springframework.test.context.web.ServletTestExecutionListener, org.springframework.test.context.support.DirtiesContextBeforeModesTestExecutionListener, org.springframework.test.context.event.ApplicationEventsTestExecutionListener, org.springframework.test.context.support.DependencyInjectionTestExecutionListener, org.springframework.test.context.support.DirtiesContextTestExecutionListener, org.springframework.test.context.transaction.TransactionalTestExecutionListener, org.springframework.test.context.jdbc.SqlScriptsTestExecutionListener, org.springframework.test.context.event.EventPublishingTestExecutionListener]
19:28:46.412 [Test worker] DEBUG org.springframework.boot.test.context.SpringBootTestContextBootstrapper - Skipping candidate TestExecutionListener [org.springframework.test.context.transaction.TransactionalTestExecutionListener] due to a missing dependency. Specify custom listener classes or make the default listener classes and their required dependencies available. Offending class: [org/springframework/transaction/TransactionDefinition]
19:28:46.414 [Test worker] DEBUG org.springframework.boot.test.context.SpringBootTestContextBootstrapper - Skipping candidate TestExecutionListener [org.springframework.test.context.jdbc.SqlScriptsTestExecutionListener] due to a missing dependency. Specify custom listener classes or make the default listener classes and their required dependencies available. Offending class: [org/springframework/transaction/interceptor/TransactionAttribute]
19:28:46.415 [Test worker] INFO org.springframework.boot.test.context.SpringBootTestContextBootstrapper - Using TestExecutionListeners: [org.springframework.test.context.web.ServletTestExecutionListener@71c27ee8, org.springframework.test.context.support.DirtiesContextBeforeModesTestExecutionListener@3e7dd664, org.springframework.test.context.event.ApplicationEventsTestExecutionListener@5b1ebf56, org.springframework.boot.test.mock.mockito.MockitoTestExecutionListener@294a6b8e, org.springframework.boot.test.autoconfigure.SpringBootDependencyInjectionTestExecutionListener@4b1d6571, org.springframework.test.context.support.DirtiesContextTestExecutionListener@1b835480, org.springframework.test.context.event.EventPublishingTestExecutionListener@3549bca9, org.springframework.boot.test.autoconfigure.restdocs.RestDocsTestExecutionListener@4f25b795, org.springframework.boot.test.autoconfigure.web.client.MockRestServiceServerResetTestExecutionListener@6fb365ed, org.springframework.boot.test.autoconfigure.web.servlet.MockMvcPrintOnlyOnFailureTestExecutionListener@6e950bcf, org.springframework.boot.test.autoconfigure.web.servlet.WebDriverTestExecutionListener@16414e40, org.springframework.boot.test.autoconfigure.webservices.client.MockWebServiceServerTestExecutionListener@74bada02, org.springframework.boot.test.mock.mockito.ResetMocksTestExecutionListener@525575]
19:28:46.429 [Test worker] DEBUG org.springframework.test.context.support.AbstractDirtiesContextTestExecutionListener - Before test class: context [DefaultTestContext@134d26af testClass = XworkzApiApplicationTests, testInstance = [null], testMethod = [null], testException = [null], mergedContextConfiguration = [WebMergedContextConfiguration@66ac5762 testClass = XworkzApiApplicationTests, locations = '{}', classes = '{class com.xworkz.dream.XworkzApiApplication}', contextInitializerClasses = '[]', activeProfiles = '{}', propertySourceLocations = '{}', propertySourceProperties = '{org.springframework.boot.test.context.SpringBootTestContextBootstrapper=true}', contextCustomizers = set[org.springframework.boot.test.autoconfigure.actuate.metrics.MetricsExportContextCustomizerFactory$DisableMetricExportContextCustomizer@1be2019a, org.springframework.boot.test.autoconfigure.properties.PropertyMappingContextCustomizer@0, org.springframework.boot.test.autoconfigure.web.servlet.WebDriverContextCustomizerFactory$Customizer@7dfb0c0f, org.springframework.boot.test.context.filter.ExcludeFilterContextCustomizer@d23e042, org.springframework.boot.test.json.DuplicateJsonObjectContextCustomizerFactory$DuplicateJsonObjectContextCustomizer@6cd24612, org.springframework.boot.test.mock.mockito.MockitoContextCustomizer@0, org.springframework.boot.test.web.client.TestRestTemplateContextCustomizer@69ee81fc, org.springframework.boot.test.context.SpringBootTestArgs@1, org.springframework.boot.test.context.SpringBootTestWebEnvironment@243c4f91], resourceBasePath = 'src/main/webapp', contextLoader = 'org.springframework.boot.test.context.SpringBootContextLoader', parent = [null]], attributes = map['org.springframework.test.context.web.ServletTestExecutionListener.activateListener' -> true]], class annotated with @DirtiesContext [false] with mode [null].

  .   ____          _            __ _ _
 /\\ / ___'_ __ _ _(_)_ __  __ _ \ \ \ \
( ( )\___ | '_ | '_| | '_ \/ _` | \ \ \ \
 \\/  ___)| |_)| | | | | || (_| |  ) ) ) )
  '  |____| .__|_| |_|_| |_\__, | / / / /
 =========|_|==============|___/=/_/_/_/
 :: Spring Boot ::                (v2.7.5)

19:28:49.631 [Test worker] WARN  o.s.b.t.j.DuplicateJsonObjectContextCustomizerFactory$DuplicateJsonObjectContextCustomizer - 

Found multiple occurrences of org.json.JSONObject on the class path:

	jar:file:/C:/Users/Dell/.gradle/caches/modules-2/files-2.1/org.json/json/20230227/7a0d4aca76513d8ce81f9b044ce8126b84809ad8/json-20230227.jar!/org/json/JSONObject.class
	jar:file:/C:/Users/Dell/.gradle/caches/modules-2/files-2.1/com.vaadin.external.google/android-json/0.0.20131108.vaadin1/fa26d351fe62a6a17f5cda1287c1c6110dec413f/android-json-0.0.20131108.vaadin1.jar!/org/json/JSONObject.class

You may wish to exclude one of them to ensure predictable runtime behavior

19:28:49.694 [Test worker] INFO  c.x.dream.XworkzApiApplicationTests - Starting XworkzApiApplicationTests using Java 1.8.0_261 on DESKTOP-E3TF7AL with PID 18724 (started by Dell in C:\Users\Dell\Desktop\DREAM\Xworkz-Api)
19:28:49.695 [Test worker] INFO  c.x.dream.XworkzApiApplicationTests - The following 1 profile is active: "dev"
19:28:58.828 [Test worker] INFO  o.s.cloud.context.scope.GenericScope - BeanFactory id=6d5ec887-862d-328a-a467-2124524fda33
19:29:02.571 [Test worker] INFO  c.xworkz.dream.util.EncryptionHelper - {} is Created...........
19:29:29.909 [Test worker] INFO  c.x.dream.XworkzApiApplicationTests - Started XworkzApiApplicationTests in 43.267 seconds (JVM running for 54.076)
]]></system-out>
  <system-err><![CDATA[SLF4J: Class path contains multiple SLF4J bindings.
SLF4J: Found binding in [jar:file:/C:/Users/Dell/.gradle/caches/modules-2/files-2.1/ch.qos.logback/logback-classic/1.2.11/4741689214e9d1e8408b206506cbe76d1c6a7d60/logback-classic-1.2.11.jar!/org/slf4j/impl/StaticLoggerBinder.class]
SLF4J: Found binding in [jar:file:/C:/Users/Dell/.gradle/caches/modules-2/files-2.1/org.jboss.slf4j/slf4j-jboss-logmanager/2.0.0.Final/accb024e15025215cb5ef8c8f41ce5b684fddbf0/slf4j-jboss-logmanager-2.0.0.Final.jar!/org/slf4j/impl/StaticLoggerBinder.class]
SLF4J: See http://www.slf4j.org/codes.html#multiple_bindings for an explanation.
SLF4J: Actual binding is of type [ch.qos.logback.classic.util.ContextSelectorStaticBinder]
]]></system-err>
</testsuite>
