<?xml version="1.0" encoding="UTF-8"?>
<testsuite name="com.xworkz.dream.XworkzApiApplicationTests" tests="1" skipped="0" failures="0" errors="0" timestamp="2023-11-27T14:49:36" hostname="LAPTOP-HPEIOEQL" time="0.977">
  <properties/>
  <testcase name="contextLoads()" classname="com.xworkz.dream.XworkzApiApplicationTests" time="0.977"/>
  <system-out><![CDATA[20:19:22.050 [Test worker] DEBUG org.springframework.test.context.BootstrapUtils - Instantiating CacheAwareContextLoaderDelegate from class [org.springframework.test.context.cache.DefaultCacheAwareContextLoaderDelegate]
20:19:22.081 [Test worker] DEBUG org.springframework.test.context.BootstrapUtils - Instantiating BootstrapContext using constructor [public org.springframework.test.context.support.DefaultBootstrapContext(java.lang.Class,org.springframework.test.context.CacheAwareContextLoaderDelegate)]
20:19:22.128 [Test worker] DEBUG org.springframework.test.context.BootstrapUtils - Instantiating TestContextBootstrapper for test class [com.xworkz.dream.XworkzApiApplicationTests] from class [org.springframework.boot.test.context.SpringBootTestContextBootstrapper]
20:19:22.161 [Test worker] INFO org.springframework.boot.test.context.SpringBootTestContextBootstrapper - Neither @ContextConfiguration nor @ContextHierarchy found for test class [com.xworkz.dream.XworkzApiApplicationTests], using SpringBootContextLoader
20:19:22.176 [Test worker] DEBUG org.springframework.test.context.support.AbstractContextLoader - Did not detect default resource location for test class [com.xworkz.dream.XworkzApiApplicationTests]: class path resource [com/xworkz/dream/XworkzApiApplicationTests-context.xml] does not exist
20:19:22.176 [Test worker] DEBUG org.springframework.test.context.support.AbstractContextLoader - Did not detect default resource location for test class [com.xworkz.dream.XworkzApiApplicationTests]: class path resource [com/xworkz/dream/XworkzApiApplicationTestsContext.groovy] does not exist
20:19:22.176 [Test worker] INFO org.springframework.test.context.support.AbstractContextLoader - Could not detect default resource locations for test class [com.xworkz.dream.XworkzApiApplicationTests]: no resource found for suffixes {-context.xml, Context.groovy}.
20:19:22.176 [Test worker] INFO org.springframework.test.context.support.AnnotationConfigContextLoaderUtils - Could not detect default configuration classes for test class [com.xworkz.dream.XworkzApiApplicationTests]: XworkzApiApplicationTests does not declare any static, non-private, non-final, nested classes annotated with @Configuration.
20:19:22.256 [Test worker] DEBUG org.springframework.test.context.support.ActiveProfilesUtils - Could not find an 'annotation declaring class' for annotation type [org.springframework.test.context.ActiveProfiles] and class [com.xworkz.dream.XworkzApiApplicationTests]
20:19:22.381 [Test worker] DEBUG org.springframework.context.annotation.ClassPathScanningCandidateComponentProvider - Identified candidate component class: file [D:\Xworkz Relese Code\Xworkz-Api\build\classes\java\main\com\xworkz\dream\XworkzApiApplication.class]
20:19:22.381 [Test worker] INFO org.springframework.boot.test.context.SpringBootTestContextBootstrapper - Found @SpringBootConfiguration com.xworkz.dream.XworkzApiApplication for test class com.xworkz.dream.XworkzApiApplicationTests
20:19:22.615 [Test worker] DEBUG org.springframework.boot.test.context.SpringBootTestContextBootstrapper - @TestExecutionListeners is not present for class [com.xworkz.dream.XworkzApiApplicationTests]: using defaults.
20:19:22.615 [Test worker] INFO org.springframework.boot.test.context.SpringBootTestContextBootstrapper - Loaded default TestExecutionListener class names from location [META-INF/spring.factories]: [org.springframework.boot.test.autoconfigure.restdocs.RestDocsTestExecutionListener, org.springframework.boot.test.autoconfigure.web.client.MockRestServiceServerResetTestExecutionListener, org.springframework.boot.test.autoconfigure.web.servlet.MockMvcPrintOnlyOnFailureTestExecutionListener, org.springframework.boot.test.autoconfigure.web.servlet.WebDriverTestExecutionListener, org.springframework.boot.test.autoconfigure.webservices.client.MockWebServiceServerTestExecutionListener, org.springframework.boot.test.mock.mockito.MockitoTestExecutionListener, org.springframework.boot.test.mock.mockito.ResetMocksTestExecutionListener, org.springframework.test.context.web.ServletTestExecutionListener, org.springframework.test.context.support.DirtiesContextBeforeModesTestExecutionListener, org.springframework.test.context.event.ApplicationEventsTestExecutionListener, org.springframework.test.context.support.DependencyInjectionTestExecutionListener, org.springframework.test.context.support.DirtiesContextTestExecutionListener, org.springframework.test.context.transaction.TransactionalTestExecutionListener, org.springframework.test.context.jdbc.SqlScriptsTestExecutionListener, org.springframework.test.context.event.EventPublishingTestExecutionListener]
20:19:22.631 [Test worker] DEBUG org.springframework.boot.test.context.SpringBootTestContextBootstrapper - Skipping candidate TestExecutionListener [org.springframework.test.context.transaction.TransactionalTestExecutionListener] due to a missing dependency. Specify custom listener classes or make the default listener classes and their required dependencies available. Offending class: [org/springframework/transaction/interceptor/TransactionAttributeSource]
20:19:22.631 [Test worker] DEBUG org.springframework.boot.test.context.SpringBootTestContextBootstrapper - Skipping candidate TestExecutionListener [org.springframework.test.context.jdbc.SqlScriptsTestExecutionListener] due to a missing dependency. Specify custom listener classes or make the default listener classes and their required dependencies available. Offending class: [org/springframework/transaction/interceptor/TransactionAttribute]
20:19:22.631 [Test worker] INFO org.springframework.boot.test.context.SpringBootTestContextBootstrapper - Using TestExecutionListeners: [org.springframework.test.context.web.ServletTestExecutionListener@6d1ef78d, org.springframework.test.context.support.DirtiesContextBeforeModesTestExecutionListener@1a6c1270, org.springframework.test.context.event.ApplicationEventsTestExecutionListener@18a136ac, org.springframework.boot.test.mock.mockito.MockitoTestExecutionListener@77d67cf3, org.springframework.boot.test.autoconfigure.SpringBootDependencyInjectionTestExecutionListener@6dee4f1b, org.springframework.test.context.support.DirtiesContextTestExecutionListener@176b3f44, org.springframework.test.context.event.EventPublishingTestExecutionListener@6ee6f53, org.springframework.boot.test.autoconfigure.restdocs.RestDocsTestExecutionListener@421bba99, org.springframework.boot.test.autoconfigure.web.client.MockRestServiceServerResetTestExecutionListener@5d12a356, org.springframework.boot.test.autoconfigure.web.servlet.MockMvcPrintOnlyOnFailureTestExecutionListener@134d26af, org.springframework.boot.test.autoconfigure.web.servlet.WebDriverTestExecutionListener@66ac5762, org.springframework.boot.test.autoconfigure.webservices.client.MockWebServiceServerTestExecutionListener@797cf65c, org.springframework.boot.test.mock.mockito.ResetMocksTestExecutionListener@31bcf236]
20:19:22.646 [Test worker] DEBUG org.springframework.test.context.support.AbstractDirtiesContextTestExecutionListener - Before test class: context [DefaultTestContext@22295ec4 testClass = XworkzApiApplicationTests, testInstance = [null], testMethod = [null], testException = [null], mergedContextConfiguration = [WebMergedContextConfiguration@5adb0db3 testClass = XworkzApiApplicationTests, locations = '{}', classes = '{class com.xworkz.dream.XworkzApiApplication}', contextInitializerClasses = '[]', activeProfiles = '{}', propertySourceLocations = '{}', propertySourceProperties = '{org.springframework.boot.test.context.SpringBootTestContextBootstrapper=true}', contextCustomizers = set[org.springframework.boot.test.autoconfigure.actuate.metrics.MetricsExportContextCustomizerFactory$DisableMetricExportContextCustomizer@1b919693, org.springframework.boot.test.autoconfigure.properties.PropertyMappingContextCustomizer@0, org.springframework.boot.test.autoconfigure.web.servlet.WebDriverContextCustomizerFactory$Customizer@1b66c0fb, org.springframework.boot.test.context.filter.ExcludeFilterContextCustomizer@1e4f4a5c, org.springframework.boot.test.json.DuplicateJsonObjectContextCustomizerFactory$DuplicateJsonObjectContextCustomizer@23941fb4, org.springframework.boot.test.mock.mockito.MockitoContextCustomizer@0, org.springframework.boot.test.web.client.TestRestTemplateContextCustomizer@7d322cad, org.springframework.boot.test.context.SpringBootTestArgs@1, org.springframework.boot.test.context.SpringBootTestWebEnvironment@1afd44cb], resourceBasePath = 'src/main/webapp', contextLoader = 'org.springframework.boot.test.context.SpringBootContextLoader', parent = [null]], attributes = map['org.springframework.test.context.web.ServletTestExecutionListener.activateListener' -> true]], class annotated with @DirtiesContext [false] with mode [null].

  .   ____          _            __ _ _
 /\\ / ___'_ __ _ _(_)_ __  __ _ \ \ \ \
( ( )\___ | '_ | '_| | '_ \/ _` | \ \ \ \
 \\/  ___)| |_)| | | | | || (_| |  ) ) ) )
  '  |____| .__|_| |_|_| |_\__, | / / / /
 =========|_|==============|___/=/_/_/_/
 :: Spring Boot ::                (v2.7.5)

20:19:23.916 [Test worker] WARN  o.s.b.t.j.DuplicateJsonObjectContextCustomizerFactory$DuplicateJsonObjectContextCustomizer - 

Found multiple occurrences of org.json.JSONObject on the class path:

	jar:file:/C:/Users/Acer/.gradle/caches/modules-2/files-2.1/org.json/json/20230227/7a0d4aca76513d8ce81f9b044ce8126b84809ad8/json-20230227.jar!/org/json/JSONObject.class
	jar:file:/C:/Users/Acer/.gradle/caches/modules-2/files-2.1/com.vaadin.external.google/android-json/0.0.20131108.vaadin1/fa26d351fe62a6a17f5cda1287c1c6110dec413f/android-json-0.0.20131108.vaadin1.jar!/org/json/JSONObject.class

You may wish to exclude one of them to ensure predictable runtime behavior

20:19:23.963 [Test worker] INFO  c.x.dream.XworkzApiApplicationTests - Starting XworkzApiApplicationTests using Java 1.8.0_261 on LAPTOP-HPEIOEQL with PID 1880 (started by Acer in D:\Xworkz Relese Code\Xworkz-Api)
20:19:23.963 [Test worker] DEBUG c.x.dream.XworkzApiApplicationTests - Running with Spring Boot v2.7.5, Spring v5.3.23
20:19:23.963 [Test worker] INFO  c.x.dream.XworkzApiApplicationTests - The following 1 profile is active: "prod"
20:19:26.962 [Test worker] INFO  o.s.cloud.context.scope.GenericScope - BeanFactory id=2e526216-1ab6-391d-863d-9ef43aa61662
20:19:27.635 [Test worker] INFO  c.xworkz.dream.util.EncryptionHelper - {} is Created...........
20:19:36.340 [Test worker] INFO  c.x.dream.XworkzApiApplicationTests - Started XworkzApiApplicationTests in 13.611 seconds (JVM running for 16.541)
]]></system-out>
  <system-err><![CDATA[SLF4J: Class path contains multiple SLF4J bindings.
SLF4J: Found binding in [jar:file:/C:/Users/Acer/.gradle/caches/modules-2/files-2.1/ch.qos.logback/logback-classic/1.2.11/4741689214e9d1e8408b206506cbe76d1c6a7d60/logback-classic-1.2.11.jar!/org/slf4j/impl/StaticLoggerBinder.class]
SLF4J: Found binding in [jar:file:/C:/Users/Acer/.gradle/caches/modules-2/files-2.1/org.jboss.slf4j/slf4j-jboss-logmanager/2.0.0.Final/accb024e15025215cb5ef8c8f41ce5b684fddbf0/slf4j-jboss-logmanager-2.0.0.Final.jar!/org/slf4j/impl/StaticLoggerBinder.class]
SLF4J: See http://www.slf4j.org/codes.html#multiple_bindings for an explanation.
SLF4J: Actual binding is of type [ch.qos.logback.classic.util.ContextSelectorStaticBinder]
]]></system-err>
</testsuite>
